{"C:\\Users\\Tiago\\Documents\\VIBECODE\\PadelTournamentApp\\backend\\src\\services\\MatchResultService.ts": {"path":"C:\\Users\\Tiago\\Documents\\VIBECODE\\PadelTournamentApp\\backend\\src\\services\\MatchResultService.ts","statementMap":{"0":{"start":{"line":3,"column":0},"end":{"line":3,"column":59}},"1":{"start":{"line":4,"column":0},"end":{"line":4,"column":65}},"2":{"start":{"line":6,"column":15},"end":{"line":6,"column":33}},"3":{"start":{"line":23,"column":4},"end":{"line":23,"column":37}},"4":{"start":{"line":26,"column":18},"end":{"line":29,"column":6}},"5":{"start":{"line":31,"column":4},"end":{"line":33,"column":5}},"6":{"start":{"line":32,"column":6},"end":{"line":32,"column":41}},"7":{"start":{"line":35,"column":21},"end":{"line":35,"column":59}},"8":{"start":{"line":38,"column":4},"end":{"line":44,"column":5}},"9":{"start":{"line":39,"column":29},"end":{"line":39,"column":51}},"10":{"start":{"line":40,"column":6},"end":{"line":40,"column":108}},"11":{"start":{"line":41,"column":6},"end":{"line":41,"column":108}},"12":{"start":{"line":42,"column":6},"end":{"line":42,"column":109}},"13":{"start":{"line":43,"column":6},"end":{"line":43,"column":109}},"14":{"start":{"line":47,"column":23},"end":{"line":47,"column":68}},"15":{"start":{"line":50,"column":4},"end":{"line":61,"column":7}},"16":{"start":{"line":64,"column":26},"end":{"line":64,"column":42}},"17":{"start":{"line":65,"column":4},"end":{"line":65,"column":110}},"18":{"start":{"line":66,"column":4},"end":{"line":66,"column":110}},"19":{"start":{"line":67,"column":4},"end":{"line":67,"column":111}},"20":{"start":{"line":68,"column":4},"end":{"line":68,"column":111}},"21":{"start":{"line":71,"column":4},"end":{"line":71,"column":70}},"22":{"start":{"line":79,"column":4},"end":{"line":81,"column":5}},"23":{"start":{"line":80,"column":6},"end":{"line":80,"column":51}},"24":{"start":{"line":84,"column":4},"end":{"line":86,"column":5}},"25":{"start":{"line":85,"column":6},"end":{"line":85,"column":51}},"26":{"start":{"line":99,"column":18},"end":{"line":101,"column":6}},"27":{"start":{"line":103,"column":4},"end":{"line":123,"column":5}},"28":{"start":{"line":105,"column":6},"end":{"line":121,"column":7}},"29":{"start":{"line":106,"column":8},"end":{"line":120,"column":11}},"30":{"start":{"line":122,"column":6},"end":{"line":122,"column":13}},"31":{"start":{"line":125,"column":23},"end":{"line":125,"column":39}},"32":{"start":{"line":126,"column":28},"end":{"line":126,"column":65}},"33":{"start":{"line":127,"column":26},"end":{"line":127,"column":78}},"34":{"start":{"line":128,"column":27},"end":{"line":128,"column":80}},"35":{"start":{"line":129,"column":29},"end":{"line":129,"column":94}},"36":{"start":{"line":132,"column":4},"end":{"line":144,"column":7}},"37":{"start":{"line":13,"column":0},"end":{"line":13,"column":13}},"38":{"start":{"line":148,"column":13},"end":{"line":148,"column":59}}},"fnMap":{"0":{"name":"(anonymous_0)","decl":{"start":{"line":18,"column":2},"end":{"line":18,"column":7}},"loc":{"start":{"line":20,"column":27},"end":{"line":72,"column":3}}},"1":{"name":"(anonymous_1)","decl":{"start":{"line":77,"column":10},"end":{"line":77,"column":29}},"loc":{"start":{"line":77,"column":53},"end":{"line":87,"column":3}}},"2":{"name":"(anonymous_2)","decl":{"start":{"line":92,"column":10},"end":{"line":92,"column":15}},"loc":{"start":{"line":97,"column":28},"end":{"line":145,"column":3}}}},"branchMap":{"0":{"loc":{"start":{"line":31,"column":4},"end":{"line":33,"column":5}},"type":"if","locations":[{"start":{"line":31,"column":4},"end":{"line":33,"column":5}},{"start":{},"end":{}}]},"1":{"loc":{"start":{"line":38,"column":4},"end":{"line":44,"column":5}},"type":"if","locations":[{"start":{"line":38,"column":4},"end":{"line":44,"column":5}},{"start":{},"end":{}}]},"2":{"loc":{"start":{"line":38,"column":8},"end":{"line":38,"column":101}},"type":"binary-expr","locations":[{"start":{"line":38,"column":8},"end":{"line":38,"column":16}},{"start":{"line":38,"column":20},"end":{"line":38,"column":44}},{"start":{"line":38,"column":48},"end":{"line":38,"column":72}},{"start":{"line":38,"column":76},"end":{"line":38,"column":101}}]},"3":{"loc":{"start":{"line":47,"column":23},"end":{"line":47,"column":68}},"type":"cond-expr","locations":[{"start":{"line":47,"column":63},"end":{"line":47,"column":64}},{"start":{"line":47,"column":67},"end":{"line":47,"column":68}}]},"4":{"loc":{"start":{"line":55,"column":20},"end":{"line":55,"column":65}},"type":"cond-expr","locations":[{"start":{"line":55,"column":60},"end":{"line":55,"column":61}},{"start":{"line":55,"column":64},"end":{"line":55,"column":65}}]},"5":{"loc":{"start":{"line":56,"column":20},"end":{"line":56,"column":65}},"type":"cond-expr","locations":[{"start":{"line":56,"column":60},"end":{"line":56,"column":61}},{"start":{"line":56,"column":64},"end":{"line":56,"column":65}}]},"6":{"loc":{"start":{"line":79,"column":4},"end":{"line":81,"column":5}},"type":"if","locations":[{"start":{"line":79,"column":4},"end":{"line":81,"column":5}},{"start":{},"end":{}}]},"7":{"loc":{"start":{"line":79,"column":8},"end":{"line":79,"column":54}},"type":"binary-expr","locations":[{"start":{"line":79,"column":8},"end":{"line":79,"column":29}},{"start":{"line":79,"column":33},"end":{"line":79,"column":54}}]},"8":{"loc":{"start":{"line":84,"column":4},"end":{"line":86,"column":5}},"type":"if","locations":[{"start":{"line":84,"column":4},"end":{"line":86,"column":5}},{"start":{},"end":{}}]},"9":{"loc":{"start":{"line":97,"column":4},"end":{"line":97,"column":28}},"type":"default-arg","locations":[{"start":{"line":97,"column":23},"end":{"line":97,"column":28}}]},"10":{"loc":{"start":{"line":103,"column":4},"end":{"line":123,"column":5}},"type":"if","locations":[{"start":{"line":103,"column":4},"end":{"line":123,"column":5}},{"start":{},"end":{}}]},"11":{"loc":{"start":{"line":105,"column":6},"end":{"line":121,"column":7}},"type":"if","locations":[{"start":{"line":105,"column":6},"end":{"line":121,"column":7}},{"start":{},"end":{}}]},"12":{"loc":{"start":{"line":110,"column":24},"end":{"line":110,"column":40}},"type":"cond-expr","locations":[{"start":{"line":110,"column":35},"end":{"line":110,"column":36}},{"start":{"line":110,"column":39},"end":{"line":110,"column":40}}]},"13":{"loc":{"start":{"line":111,"column":25},"end":{"line":111,"column":41}},"type":"cond-expr","locations":[{"start":{"line":111,"column":36},"end":{"line":111,"column":37}},{"start":{"line":111,"column":40},"end":{"line":111,"column":41}}]},"14":{"loc":{"start":{"line":112,"column":21},"end":{"line":112,"column":37}},"type":"cond-expr","locations":[{"start":{"line":112,"column":32},"end":{"line":112,"column":33}},{"start":{"line":112,"column":36},"end":{"line":112,"column":37}}]},"15":{"loc":{"start":{"line":113,"column":22},"end":{"line":113,"column":38}},"type":"cond-expr","locations":[{"start":{"line":113,"column":33},"end":{"line":113,"column":34}},{"start":{"line":113,"column":37},"end":{"line":113,"column":38}}]},"16":{"loc":{"start":{"line":118,"column":27},"end":{"line":118,"column":45}},"type":"cond-expr","locations":[{"start":{"line":118,"column":38},"end":{"line":118,"column":41}},{"start":{"line":118,"column":44},"end":{"line":118,"column":45}}]},"17":{"loc":{"start":{"line":125,"column":23},"end":{"line":125,"column":39}},"type":"cond-expr","locations":[{"start":{"line":125,"column":33},"end":{"line":125,"column":35}},{"start":{"line":125,"column":38},"end":{"line":125,"column":39}}]},"18":{"loc":{"start":{"line":127,"column":60},"end":{"line":127,"column":76}},"type":"cond-expr","locations":[{"start":{"line":127,"column":71},"end":{"line":127,"column":72}},{"start":{"line":127,"column":75},"end":{"line":127,"column":76}}]},"19":{"loc":{"start":{"line":128,"column":62},"end":{"line":128,"column":78}},"type":"cond-expr","locations":[{"start":{"line":128,"column":73},"end":{"line":128,"column":74}},{"start":{"line":128,"column":77},"end":{"line":128,"column":78}}]},"20":{"loc":{"start":{"line":129,"column":29},"end":{"line":129,"column":94}},"type":"cond-expr","locations":[{"start":{"line":129,"column":51},"end":{"line":129,"column":90}},{"start":{"line":129,"column":93},"end":{"line":129,"column":94}}]},"21":{"loc":{"start":{"line":138,"column":48},"end":{"line":138,"column":64}},"type":"cond-expr","locations":[{"start":{"line":138,"column":59},"end":{"line":138,"column":60}},{"start":{"line":138,"column":63},"end":{"line":138,"column":64}}]},"22":{"loc":{"start":{"line":139,"column":50},"end":{"line":139,"column":66}},"type":"cond-expr","locations":[{"start":{"line":139,"column":61},"end":{"line":139,"column":62}},{"start":{"line":139,"column":65},"end":{"line":139,"column":66}}]}},"s":{"0":0,"1":0,"2":0,"3":0,"4":0,"5":0,"6":0,"7":0,"8":0,"9":0,"10":0,"11":0,"12":0,"13":0,"14":0,"15":0,"16":0,"17":0,"18":0,"19":0,"20":0,"21":0,"22":0,"23":0,"24":0,"25":0,"26":0,"27":0,"28":0,"29":0,"30":0,"31":0,"32":0,"33":0,"34":0,"35":0,"36":0,"37":0,"38":0},"f":{"0":0,"1":0,"2":0},"b":{"0":[0,0],"1":[0,0],"2":[0,0,0,0],"3":[0,0],"4":[0,0],"5":[0,0],"6":[0,0],"7":[0,0],"8":[0,0],"9":[0],"10":[0,0],"11":[0,0],"12":[0,0],"13":[0,0],"14":[0,0],"15":[0,0],"16":[0,0],"17":[0,0],"18":[0,0],"19":[0,0],"20":[0,0],"21":[0,0],"22":[0,0]}}
,"C:\\Users\\Tiago\\Documents\\VIBECODE\\PadelTournamentApp\\backend\\src\\services\\TournamentProgressService.ts": {"path":"C:\\Users\\Tiago\\Documents\\VIBECODE\\PadelTournamentApp\\backend\\src\\services\\TournamentProgressService.ts","statementMap":{"0":{"start":{"line":3,"column":0},"end":{"line":3,"column":96}},"1":{"start":{"line":4,"column":0},"end":{"line":4,"column":67}},"2":{"start":{"line":6,"column":15},"end":{"line":6,"column":33}},"3":{"start":{"line":29,"column":23},"end":{"line":32,"column":6}},"4":{"start":{"line":34,"column":4},"end":{"line":34,"column":28}},"5":{"start":{"line":34,"column":21},"end":{"line":34,"column":28}},"6":{"start":{"line":37,"column":32},"end":{"line":38,"column":null}},"7":{"start":{"line":38,"column":20},"end":{"line":38,"column":55}},"8":{"start":{"line":41,"column":25},"end":{"line":42,"column":null}},"9":{"start":{"line":42,"column":20},"end":{"line":42,"column":54}},"10":{"start":{"line":45,"column":4},"end":{"line":45,"column":30}},"11":{"start":{"line":45,"column":23},"end":{"line":45,"column":30}},"12":{"start":{"line":48,"column":4},"end":{"line":149,"column":5}},"13":{"start":{"line":50,"column":6},"end":{"line":56,"column":9}},"14":{"start":{"line":58,"column":6},"end":{"line":58,"column":53}},"15":{"start":{"line":59,"column":11},"end":{"line":149,"column":5}},"16":{"start":{"line":61,"column":28},"end":{"line":62,"column":null}},"17":{"start":{"line":62,"column":22},"end":{"line":62,"column":41}},"18":{"start":{"line":64,"column":28},"end":{"line":65,"column":null}},"19":{"start":{"line":65,"column":22},"end":{"line":65,"column":41}},"20":{"start":{"line":68,"column":6},"end":{"line":82,"column":7}},"21":{"start":{"line":68,"column":74},"end":{"line":68,"column":108}},"22":{"start":{"line":70,"column":8},"end":{"line":70,"column":72}},"23":{"start":{"line":71,"column":13},"end":{"line":82,"column":7}},"24":{"start":{"line":71,"column":79},"end":{"line":71,"column":113}},"25":{"start":{"line":73,"column":8},"end":{"line":79,"column":11}},"26":{"start":{"line":81,"column":8},"end":{"line":81,"column":55}},"27":{"start":{"line":83,"column":11},"end":{"line":149,"column":5}},"28":{"start":{"line":84,"column":6},"end":{"line":148,"column":7}},"29":{"start":{"line":86,"column":8},"end":{"line":86,"column":53}},"30":{"start":{"line":87,"column":13},"end":{"line":148,"column":7}},"31":{"start":{"line":89,"column":30},"end":{"line":90,"column":null}},"32":{"start":{"line":90,"column":24},"end":{"line":90,"column":37}},"33":{"start":{"line":93,"column":30},"end":{"line":93,"column":76}},"34":{"start":{"line":93,"column":56},"end":{"line":93,"column":75}},"35":{"start":{"line":94,"column":30},"end":{"line":94,"column":76}},"36":{"start":{"line":94,"column":56},"end":{"line":94,"column":75}},"37":{"start":{"line":96,"column":8},"end":{"line":96,"column":90}},"38":{"start":{"line":97,"column":8},"end":{"line":97,"column":152}},"39":{"start":{"line":97,"column":106},"end":{"line":97,"column":140}},"40":{"start":{"line":98,"column":8},"end":{"line":98,"column":68}},"41":{"start":{"line":101,"column":34},"end":{"line":102,"column":103}},"42":{"start":{"line":102,"column":68},"end":{"line":102,"column":102}},"43":{"start":{"line":104,"column":8},"end":{"line":147,"column":9}},"44":{"start":{"line":106,"column":10},"end":{"line":128,"column":11}},"45":{"start":{"line":107,"column":12},"end":{"line":107,"column":100}},"46":{"start":{"line":108,"column":12},"end":{"line":108,"column":78}},"47":{"start":{"line":109,"column":12},"end":{"line":109,"column":77}},"48":{"start":{"line":112,"column":15},"end":{"line":128,"column":11}},"49":{"start":{"line":112,"column":53},"end":{"line":112,"column":87}},"50":{"start":{"line":113,"column":12},"end":{"line":113,"column":116}},"51":{"start":{"line":115,"column":12},"end":{"line":121,"column":15}},"52":{"start":{"line":122,"column":12},"end":{"line":122,"column":76}},"53":{"start":{"line":124,"column":12},"end":{"line":124,"column":78}},"54":{"start":{"line":125,"column":12},"end":{"line":125,"column":79}},"55":{"start":{"line":127,"column":12},"end":{"line":127,"column":99}},"56":{"start":{"line":131,"column":13},"end":{"line":147,"column":9}},"57":{"start":{"line":132,"column":51},"end":{"line":132,"column":85}},"58":{"start":{"line":133,"column":10},"end":{"line":133,"column":100}},"59":{"start":{"line":134,"column":10},"end":{"line":140,"column":13}},"60":{"start":{"line":141,"column":10},"end":{"line":141,"column":92}},"61":{"start":{"line":143,"column":10},"end":{"line":143,"column":57}},"62":{"start":{"line":144,"column":10},"end":{"line":144,"column":68}},"63":{"start":{"line":145,"column":15},"end":{"line":147,"column":9}},"64":{"start":{"line":146,"column":10},"end":{"line":146,"column":94}},"65":{"start":{"line":157,"column":30},"end":{"line":159,"column":6}},"66":{"start":{"line":162,"column":20},"end":{"line":165,"column":6}},"67":{"start":{"line":168,"column":23},"end":{"line":170,"column":null}},"68":{"start":{"line":169,"column":6},"end":{"line":170,"column":50}},"69":{"start":{"line":173,"column":36},"end":{"line":173,"column":38}},"70":{"start":{"line":174,"column":4},"end":{"line":180,"column":5}},"71":{"start":{"line":175,"column":6},"end":{"line":179,"column":7}},"72":{"start":{"line":176,"column":8},"end":{"line":176,"column":71}},"73":{"start":{"line":178,"column":8},"end":{"line":178,"column":71}},"74":{"start":{"line":183,"column":4},"end":{"line":206,"column":5}},"75":{"start":{"line":184,"column":23},"end":{"line":184,"column":60}},"76":{"start":{"line":186,"column":6},"end":{"line":205,"column":9}},"77":{"start":{"line":218,"column":19},"end":{"line":218,"column":35}},"78":{"start":{"line":219,"column":19},"end":{"line":219,"column":35}},"79":{"start":{"line":221,"column":29},"end":{"line":223,"column":68}},"80":{"start":{"line":225,"column":28},"end":{"line":227,"column":68}},"81":{"start":{"line":229,"column":29},"end":{"line":231,"column":68}},"82":{"start":{"line":233,"column":28},"end":{"line":235,"column":68}},"83":{"start":{"line":238,"column":26},"end":{"line":243,"column":null}},"84":{"start":{"line":247,"column":4},"end":{"line":259,"column":7}},"85":{"start":{"line":248,"column":38},"end":{"line":258,"column":8}},"86":{"start":{"line":275,"column":4},"end":{"line":275,"column":105}},"87":{"start":{"line":276,"column":4},"end":{"line":276,"column":93}},"88":{"start":{"line":279,"column":4},"end":{"line":282,"column":5}},"89":{"start":{"line":280,"column":6},"end":{"line":280,"column":97}},"90":{"start":{"line":281,"column":6},"end":{"line":281,"column":13}},"91":{"start":{"line":285,"column":4},"end":{"line":285,"column":64}},"92":{"start":{"line":285,"column":33},"end":{"line":285,"column":62}},"93":{"start":{"line":286,"column":4},"end":{"line":286,"column":113}},"94":{"start":{"line":286,"column":84},"end":{"line":286,"column":97}},"95":{"start":{"line":289,"column":21},"end":{"line":289,"column":37}},"96":{"start":{"line":290,"column":21},"end":{"line":290,"column":37}},"97":{"start":{"line":293,"column":24},"end":{"line":293,"column":40}},"98":{"start":{"line":294,"column":24},"end":{"line":294,"column":40}},"99":{"start":{"line":297,"column":27},"end":{"line":299,"column":72}},"100":{"start":{"line":301,"column":26},"end":{"line":303,"column":72}},"101":{"start":{"line":305,"column":27},"end":{"line":307,"column":72}},"102":{"start":{"line":309,"column":26},"end":{"line":311,"column":72}},"103":{"start":{"line":314,"column":30},"end":{"line":316,"column":78}},"104":{"start":{"line":318,"column":29},"end":{"line":320,"column":78}},"105":{"start":{"line":322,"column":30},"end":{"line":324,"column":78}},"106":{"start":{"line":326,"column":29},"end":{"line":328,"column":78}},"107":{"start":{"line":331,"column":26},"end":{"line":380,"column":6}},"108":{"start":{"line":382,"column":4},"end":{"line":382,"column":98}},"109":{"start":{"line":383,"column":4},"end":{"line":385,"column":18}},"110":{"start":{"line":384,"column":6},"end":{"line":384,"column":55}},"111":{"start":{"line":388,"column":4},"end":{"line":390,"column":7}},"112":{"start":{"line":392,"column":4},"end":{"line":392,"column":96}},"113":{"start":{"line":401,"column":26},"end":{"line":406,"column":6}},"114":{"start":{"line":408,"column":25},"end":{"line":408,"column":94}},"115":{"start":{"line":408,"column":56},"end":{"line":408,"column":69}},"116":{"start":{"line":408,"column":83},"end":{"line":408,"column":92}},"117":{"start":{"line":409,"column":25},"end":{"line":409,"column":46}},"118":{"start":{"line":411,"column":4},"end":{"line":415,"column":5}},"119":{"start":{"line":413,"column":6},"end":{"line":413,"column":87}},"120":{"start":{"line":414,"column":6},"end":{"line":414,"column":13}},"121":{"start":{"line":419,"column":22},"end":{"line":419,"column":74}},"122":{"start":{"line":422,"column":4},"end":{"line":432,"column":7}},"123":{"start":{"line":423,"column":6},"end":{"line":423,"column":60}},"124":{"start":{"line":423,"column":33},"end":{"line":423,"column":60}},"125":{"start":{"line":425,"column":23},"end":{"line":425,"column":45}},"126":{"start":{"line":426,"column":23},"end":{"line":426,"column":45}},"127":{"start":{"line":427,"column":6},"end":{"line":427,"column":60}},"128":{"start":{"line":427,"column":33},"end":{"line":427,"column":60}},"129":{"start":{"line":429,"column":24},"end":{"line":429,"column":48}},"130":{"start":{"line":430,"column":24},"end":{"line":430,"column":48}},"131":{"start":{"line":431,"column":6},"end":{"line":431,"column":35}},"132":{"start":{"line":435,"column":20},"end":{"line":435,"column":92}},"133":{"start":{"line":436,"column":20},"end":{"line":436,"column":92}},"134":{"start":{"line":437,"column":20},"end":{"line":437,"column":92}},"135":{"start":{"line":438,"column":20},"end":{"line":438,"column":92}},"136":{"start":{"line":441,"column":34},"end":{"line":446,"column":6}},"137":{"start":{"line":450,"column":4},"end":{"line":466,"column":5}},"138":{"start":{"line":451,"column":27},"end":{"line":451,"column":94}},"139":{"start":{"line":451,"column":59},"end":{"line":451,"column":93}},"140":{"start":{"line":453,"column":6},"end":{"line":465,"column":7}},"141":{"start":{"line":455,"column":8},"end":{"line":461,"column":11}},"142":{"start":{"line":464,"column":8},"end":{"line":464,"column":15}},"143":{"start":{"line":469,"column":27},"end":{"line":474,"column":null}},"144":{"start":{"line":478,"column":4},"end":{"line":490,"column":7}},"145":{"start":{"line":479,"column":39},"end":{"line":489,"column":8}},"146":{"start":{"line":493,"column":4},"end":{"line":499,"column":7}},"147":{"start":{"line":509,"column":56},"end":{"line":509,"column":65}},"148":{"start":{"line":511,"column":4},"end":{"line":543,"column":5}},"149":{"start":{"line":512,"column":22},"end":{"line":525,"column":8}},"150":{"start":{"line":527,"column":24},"end":{"line":527,"column":63}},"151":{"start":{"line":530,"column":6},"end":{"line":540,"column":9}},"152":{"start":{"line":531,"column":8},"end":{"line":531,"column":62}},"153":{"start":{"line":531,"column":35},"end":{"line":531,"column":62}},"154":{"start":{"line":533,"column":25},"end":{"line":533,"column":47}},"155":{"start":{"line":534,"column":25},"end":{"line":534,"column":47}},"156":{"start":{"line":535,"column":8},"end":{"line":535,"column":62}},"157":{"start":{"line":535,"column":35},"end":{"line":535,"column":62}},"158":{"start":{"line":537,"column":26},"end":{"line":537,"column":50}},"159":{"start":{"line":538,"column":26},"end":{"line":538,"column":50}},"160":{"start":{"line":539,"column":8},"end":{"line":539,"column":37}},"161":{"start":{"line":542,"column":6},"end":{"line":542,"column":46}},"162":{"start":{"line":546,"column":34},"end":{"line":551,"column":6}},"163":{"start":{"line":553,"column":4},"end":{"line":566,"column":5}},"164":{"start":{"line":554,"column":27},"end":{"line":554,"column":94}},"165":{"start":{"line":554,"column":59},"end":{"line":554,"column":93}},"166":{"start":{"line":555,"column":6},"end":{"line":565,"column":7}},"167":{"start":{"line":556,"column":8},"end":{"line":562,"column":11}},"168":{"start":{"line":564,"column":8},"end":{"line":564,"column":15}},"169":{"start":{"line":569,"column":34},"end":{"line":569,"column":36}},"170":{"start":{"line":570,"column":22},"end":{"line":570,"column":23}},"171":{"start":{"line":573,"column":4},"end":{"line":661,"column":5}},"172":{"start":{"line":574,"column":21},"end":{"line":574,"column":43}},"173":{"start":{"line":575,"column":21},"end":{"line":575,"column":43}},"174":{"start":{"line":578,"column":6},"end":{"line":588,"column":9}},"175":{"start":{"line":590,"column":6},"end":{"line":600,"column":9}},"176":{"start":{"line":603,"column":6},"end":{"line":613,"column":9}},"177":{"start":{"line":615,"column":6},"end":{"line":625,"column":9}},"178":{"start":{"line":630,"column":9},"end":{"line":661,"column":5}},"179":{"start":{"line":633,"column":21},"end":{"line":633,"column":43}},"180":{"start":{"line":634,"column":21},"end":{"line":634,"column":43}},"181":{"start":{"line":635,"column":21},"end":{"line":635,"column":43}},"182":{"start":{"line":638,"column":6},"end":{"line":648,"column":9}},"183":{"start":{"line":650,"column":6},"end":{"line":660,"column":9}},"184":{"start":{"line":664,"column":4},"end":{"line":666,"column":7}},"185":{"start":{"line":669,"column":4},"end":{"line":675,"column":7}},"186":{"start":{"line":685,"column":20},"end":{"line":697,"column":6}},"187":{"start":{"line":699,"column":4},"end":{"line":699,"column":51}},"188":{"start":{"line":709,"column":20},"end":{"line":715,"column":6}},"189":{"start":{"line":717,"column":4},"end":{"line":717,"column":51}},"190":{"start":{"line":726,"column":25},"end":{"line":726,"column":56}},"191":{"start":{"line":728,"column":4},"end":{"line":804,"column":5}},"192":{"start":{"line":729,"column":23},"end":{"line":729,"column":62}},"193":{"start":{"line":730,"column":23},"end":{"line":730,"column":62}},"194":{"start":{"line":733,"column":6},"end":{"line":749,"column":7}},"195":{"start":{"line":734,"column":8},"end":{"line":748,"column":11}},"196":{"start":{"line":752,"column":6},"end":{"line":768,"column":7}},"197":{"start":{"line":753,"column":8},"end":{"line":767,"column":11}},"198":{"start":{"line":770,"column":28},"end":{"line":770,"column":55}},"199":{"start":{"line":771,"column":28},"end":{"line":771,"column":55}},"200":{"start":{"line":774,"column":6},"end":{"line":774,"column":36}},"201":{"start":{"line":775,"column":6},"end":{"line":775,"column":36}},"202":{"start":{"line":778,"column":6},"end":{"line":778,"column":53}},"203":{"start":{"line":779,"column":6},"end":{"line":779,"column":54}},"204":{"start":{"line":780,"column":6},"end":{"line":780,"column":53}},"205":{"start":{"line":781,"column":6},"end":{"line":781,"column":54}},"206":{"start":{"line":785,"column":8},"end":{"line":785,"column":80}},"207":{"start":{"line":787,"column":8},"end":{"line":787,"column":80}},"208":{"start":{"line":789,"column":6},"end":{"line":789,"column":43}},"209":{"start":{"line":790,"column":6},"end":{"line":790,"column":44}},"210":{"start":{"line":791,"column":6},"end":{"line":791,"column":43}},"211":{"start":{"line":792,"column":6},"end":{"line":792,"column":44}},"212":{"start":{"line":795,"column":6},"end":{"line":803,"column":7}},"213":{"start":{"line":796,"column":8},"end":{"line":796,"column":35}},"214":{"start":{"line":797,"column":8},"end":{"line":797,"column":34}},"215":{"start":{"line":798,"column":8},"end":{"line":798,"column":36}},"216":{"start":{"line":799,"column":13},"end":{"line":803,"column":7}},"217":{"start":{"line":800,"column":8},"end":{"line":800,"column":35}},"218":{"start":{"line":801,"column":8},"end":{"line":801,"column":34}},"219":{"start":{"line":802,"column":8},"end":{"line":802,"column":36}},"220":{"start":{"line":806,"column":4},"end":{"line":806,"column":45}},"221":{"start":{"line":24,"column":0},"end":{"line":24,"column":13}},"222":{"start":{"line":810,"column":13},"end":{"line":810,"column":66}}},"fnMap":{"0":{"name":"(anonymous_0)","decl":{"start":{"line":28,"column":2},"end":{"line":28,"column":7}},"loc":{"start":{"line":28,"column":49},"end":{"line":150,"column":3}}},"1":{"name":"(anonymous_1)","decl":{"start":{"line":38,"column":6},"end":{"line":38,"column":7}},"loc":{"start":{"line":38,"column":20},"end":{"line":38,"column":55}}},"2":{"name":"(anonymous_2)","decl":{"start":{"line":42,"column":6},"end":{"line":42,"column":7}},"loc":{"start":{"line":42,"column":20},"end":{"line":42,"column":54}}},"3":{"name":"(anonymous_3)","decl":{"start":{"line":62,"column":8},"end":{"line":62,"column":9}},"loc":{"start":{"line":62,"column":22},"end":{"line":62,"column":41}}},"4":{"name":"(anonymous_4)","decl":{"start":{"line":65,"column":8},"end":{"line":65,"column":9}},"loc":{"start":{"line":65,"column":22},"end":{"line":65,"column":41}}},"5":{"name":"(anonymous_5)","decl":{"start":{"line":68,"column":60},"end":{"line":68,"column":61}},"loc":{"start":{"line":68,"column":74},"end":{"line":68,"column":108}}},"6":{"name":"(anonymous_6)","decl":{"start":{"line":71,"column":65},"end":{"line":71,"column":66}},"loc":{"start":{"line":71,"column":79},"end":{"line":71,"column":113}}},"7":{"name":"(anonymous_7)","decl":{"start":{"line":90,"column":10},"end":{"line":90,"column":11}},"loc":{"start":{"line":90,"column":24},"end":{"line":90,"column":37}}},"8":{"name":"(anonymous_8)","decl":{"start":{"line":93,"column":51},"end":{"line":93,"column":52}},"loc":{"start":{"line":93,"column":56},"end":{"line":93,"column":75}}},"9":{"name":"(anonymous_9)","decl":{"start":{"line":94,"column":51},"end":{"line":94,"column":52}},"loc":{"start":{"line":94,"column":56},"end":{"line":94,"column":75}}},"10":{"name":"(anonymous_10)","decl":{"start":{"line":97,"column":101},"end":{"line":97,"column":102}},"loc":{"start":{"line":97,"column":106},"end":{"line":97,"column":140}}},"11":{"name":"(anonymous_11)","decl":{"start":{"line":102,"column":54},"end":{"line":102,"column":55}},"loc":{"start":{"line":102,"column":68},"end":{"line":102,"column":102}}},"12":{"name":"(anonymous_12)","decl":{"start":{"line":112,"column":39},"end":{"line":112,"column":40}},"loc":{"start":{"line":112,"column":53},"end":{"line":112,"column":87}}},"13":{"name":"(anonymous_13)","decl":{"start":{"line":132,"column":37},"end":{"line":132,"column":38}},"loc":{"start":{"line":132,"column":51},"end":{"line":132,"column":85}}},"14":{"name":"(anonymous_14)","decl":{"start":{"line":155,"column":10},"end":{"line":155,"column":15}},"loc":{"start":{"line":155,"column":58},"end":{"line":207,"column":3}}},"15":{"name":"(anonymous_15)","decl":{"start":{"line":168,"column":36},"end":{"line":168,"column":37}},"loc":{"start":{"line":169,"column":6},"end":{"line":170,"column":50}}},"16":{"name":"(anonymous_16)","decl":{"start":{"line":213,"column":10},"end":{"line":213,"column":15}},"loc":{"start":{"line":215,"column":26},"end":{"line":260,"column":3}}},"17":{"name":"(anonymous_17)","decl":{"start":{"line":248,"column":30},"end":{"line":248,"column":31}},"loc":{"start":{"line":248,"column":38},"end":{"line":258,"column":8}}},"18":{"name":"(anonymous_18)","decl":{"start":{"line":271,"column":10},"end":{"line":271,"column":15}},"loc":{"start":{"line":273,"column":26},"end":{"line":393,"column":3}}},"19":{"name":"(anonymous_19)","decl":{"start":{"line":285,"column":23},"end":{"line":285,"column":24}},"loc":{"start":{"line":285,"column":33},"end":{"line":285,"column":62}}},"20":{"name":"(anonymous_20)","decl":{"start":{"line":286,"column":79},"end":{"line":286,"column":80}},"loc":{"start":{"line":286,"column":84},"end":{"line":286,"column":97}}},"21":{"name":"(anonymous_21)","decl":{"start":{"line":383,"column":79},"end":{"line":383,"column":80}},"loc":{"start":{"line":384,"column":6},"end":{"line":384,"column":55}}},"22":{"name":"(anonymous_22)","decl":{"start":{"line":399,"column":10},"end":{"line":399,"column":15}},"loc":{"start":{"line":399,"column":60},"end":{"line":500,"column":3}}},"23":{"name":"(anonymous_23)","decl":{"start":{"line":408,"column":51},"end":{"line":408,"column":52}},"loc":{"start":{"line":408,"column":56},"end":{"line":408,"column":69}}},"24":{"name":"(anonymous_24)","decl":{"start":{"line":408,"column":78},"end":{"line":408,"column":79}},"loc":{"start":{"line":408,"column":83},"end":{"line":408,"column":92}}},"25":{"name":"(anonymous_25)","decl":{"start":{"line":422,"column":19},"end":{"line":422,"column":20}},"loc":{"start":{"line":422,"column":28},"end":{"line":432,"column":5}}},"26":{"name":"(anonymous_26)","decl":{"start":{"line":451,"column":54},"end":{"line":451,"column":55}},"loc":{"start":{"line":451,"column":59},"end":{"line":451,"column":93}}},"27":{"name":"(anonymous_27)","decl":{"start":{"line":479,"column":31},"end":{"line":479,"column":32}},"loc":{"start":{"line":479,"column":39},"end":{"line":489,"column":8}}},"28":{"name":"(anonymous_28)","decl":{"start":{"line":507,"column":10},"end":{"line":507,"column":15}},"loc":{"start":{"line":507,"column":87},"end":{"line":676,"column":3}}},"29":{"name":"(anonymous_29)","decl":{"start":{"line":530,"column":21},"end":{"line":530,"column":22}},"loc":{"start":{"line":530,"column":30},"end":{"line":540,"column":7}}},"30":{"name":"(anonymous_30)","decl":{"start":{"line":554,"column":54},"end":{"line":554,"column":55}},"loc":{"start":{"line":554,"column":59},"end":{"line":554,"column":93}}},"31":{"name":"(anonymous_31)","decl":{"start":{"line":681,"column":2},"end":{"line":681,"column":7}},"loc":{"start":{"line":683,"column":17},"end":{"line":700,"column":3}}},"32":{"name":"(anonymous_32)","decl":{"start":{"line":705,"column":2},"end":{"line":705,"column":7}},"loc":{"start":{"line":707,"column":23},"end":{"line":718,"column":3}}},"33":{"name":"(anonymous_33)","decl":{"start":{"line":723,"column":10},"end":{"line":723,"column":35}},"loc":{"start":{"line":723,"column":52},"end":{"line":807,"column":3}}}},"branchMap":{"0":{"loc":{"start":{"line":34,"column":4},"end":{"line":34,"column":28}},"type":"if","locations":[{"start":{"line":34,"column":4},"end":{"line":34,"column":28}},{"start":{},"end":{}}]},"1":{"loc":{"start":{"line":45,"column":4},"end":{"line":45,"column":30}},"type":"if","locations":[{"start":{"line":45,"column":4},"end":{"line":45,"column":30}},{"start":{},"end":{}}]},"2":{"loc":{"start":{"line":48,"column":4},"end":{"line":149,"column":5}},"type":"if","locations":[{"start":{"line":48,"column":4},"end":{"line":149,"column":5}},{"start":{"line":59,"column":11},"end":{"line":149,"column":5}}]},"3":{"loc":{"start":{"line":59,"column":11},"end":{"line":149,"column":5}},"type":"if","locations":[{"start":{"line":59,"column":11},"end":{"line":149,"column":5}},{"start":{"line":83,"column":11},"end":{"line":149,"column":5}}]},"4":{"loc":{"start":{"line":68,"column":6},"end":{"line":82,"column":7}},"type":"if","locations":[{"start":{"line":68,"column":6},"end":{"line":82,"column":7}},{"start":{"line":71,"column":13},"end":{"line":82,"column":7}}]},"5":{"loc":{"start":{"line":68,"column":10},"end":{"line":68,"column":139}},"type":"binary-expr","locations":[{"start":{"line":68,"column":10},"end":{"line":68,"column":36}},{"start":{"line":68,"column":40},"end":{"line":68,"column":109}},{"start":{"line":68,"column":113},"end":{"line":68,"column":139}}]},"6":{"loc":{"start":{"line":71,"column":13},"end":{"line":82,"column":7}},"type":"if","locations":[{"start":{"line":71,"column":13},"end":{"line":82,"column":7}},{"start":{},"end":{}}]},"7":{"loc":{"start":{"line":71,"column":17},"end":{"line":71,"column":114}},"type":"binary-expr","locations":[{"start":{"line":71,"column":17},"end":{"line":71,"column":41}},{"start":{"line":71,"column":45},"end":{"line":71,"column":114}}]},"8":{"loc":{"start":{"line":83,"column":11},"end":{"line":149,"column":5}},"type":"if","locations":[{"start":{"line":83,"column":11},"end":{"line":149,"column":5}},{"start":{},"end":{}}]},"9":{"loc":{"start":{"line":84,"column":6},"end":{"line":148,"column":7}},"type":"if","locations":[{"start":{"line":84,"column":6},"end":{"line":148,"column":7}},{"start":{"line":87,"column":13},"end":{"line":148,"column":7}}]},"10":{"loc":{"start":{"line":87,"column":13},"end":{"line":148,"column":7}},"type":"if","locations":[{"start":{"line":87,"column":13},"end":{"line":148,"column":7}},{"start":{},"end":{}}]},"11":{"loc":{"start":{"line":101,"column":34},"end":{"line":102,"column":103}},"type":"binary-expr","locations":[{"start":{"line":101,"column":34},"end":{"line":101,"column":58}},{"start":{"line":102,"column":34},"end":{"line":102,"column":103}}]},"12":{"loc":{"start":{"line":104,"column":8},"end":{"line":147,"column":9}},"type":"if","locations":[{"start":{"line":104,"column":8},"end":{"line":147,"column":9}},{"start":{"line":131,"column":13},"end":{"line":147,"column":9}}]},"13":{"loc":{"start":{"line":106,"column":10},"end":{"line":128,"column":11}},"type":"if","locations":[{"start":{"line":106,"column":10},"end":{"line":128,"column":11}},{"start":{"line":112,"column":15},"end":{"line":128,"column":11}}]},"14":{"loc":{"start":{"line":112,"column":15},"end":{"line":128,"column":11}},"type":"if","locations":[{"start":{"line":112,"column":15},"end":{"line":128,"column":11}},{"start":{"line":126,"column":17},"end":{"line":128,"column":11}}]},"15":{"loc":{"start":{"line":131,"column":13},"end":{"line":147,"column":9}},"type":"if","locations":[{"start":{"line":131,"column":13},"end":{"line":147,"column":9}},{"start":{"line":145,"column":15},"end":{"line":147,"column":9}}]},"16":{"loc":{"start":{"line":131,"column":17},"end":{"line":132,"column":86}},"type":"binary-expr","locations":[{"start":{"line":131,"column":17},"end":{"line":131,"column":41}},{"start":{"line":132,"column":17},"end":{"line":132,"column":86}}]},"17":{"loc":{"start":{"line":145,"column":15},"end":{"line":147,"column":9}},"type":"if","locations":[{"start":{"line":145,"column":15},"end":{"line":147,"column":9}},{"start":{},"end":{}}]},"18":{"loc":{"start":{"line":169,"column":6},"end":{"line":170,"column":50}},"type":"binary-expr","locations":[{"start":{"line":169,"column":6},"end":{"line":169,"column":40}},{"start":{"line":170,"column":7},"end":{"line":170,"column":26}},{"start":{"line":170,"column":30},"end":{"line":170,"column":49}}]},"19":{"loc":{"start":{"line":174,"column":4},"end":{"line":180,"column":5}},"type":"if","locations":[{"start":{"line":174,"column":4},"end":{"line":180,"column":5}},{"start":{},"end":{}}]},"20":{"loc":{"start":{"line":174,"column":8},"end":{"line":174,"column":43}},"type":"binary-expr","locations":[{"start":{"line":174,"column":8},"end":{"line":174,"column":18}},{"start":{"line":174,"column":22},"end":{"line":174,"column":43}}]},"21":{"loc":{"start":{"line":175,"column":6},"end":{"line":179,"column":7}},"type":"if","locations":[{"start":{"line":175,"column":6},"end":{"line":179,"column":7}},{"start":{"line":177,"column":13},"end":{"line":179,"column":7}}]},"22":{"loc":{"start":{"line":190,"column":26},"end":{"line":190,"column":65}},"type":"cond-expr","locations":[{"start":{"line":190,"column":37},"end":{"line":190,"column":53}},{"start":{"line":190,"column":56},"end":{"line":190,"column":65}}]},"23":{"loc":{"start":{"line":202,"column":26},"end":{"line":202,"column":42}},"type":"cond-expr","locations":[{"start":{"line":202,"column":37},"end":{"line":202,"column":38}},{"start":{"line":202,"column":41},"end":{"line":202,"column":42}}]},"24":{"loc":{"start":{"line":221,"column":29},"end":{"line":223,"column":68}},"type":"cond-expr","locations":[{"start":{"line":222,"column":8},"end":{"line":222,"column":68}},{"start":{"line":223,"column":8},"end":{"line":223,"column":68}}]},"25":{"loc":{"start":{"line":225,"column":28},"end":{"line":227,"column":68}},"type":"cond-expr","locations":[{"start":{"line":226,"column":8},"end":{"line":226,"column":68}},{"start":{"line":227,"column":8},"end":{"line":227,"column":68}}]},"26":{"loc":{"start":{"line":229,"column":29},"end":{"line":231,"column":68}},"type":"cond-expr","locations":[{"start":{"line":230,"column":8},"end":{"line":230,"column":68}},{"start":{"line":231,"column":8},"end":{"line":231,"column":68}}]},"27":{"loc":{"start":{"line":233,"column":28},"end":{"line":235,"column":68}},"type":"cond-expr","locations":[{"start":{"line":234,"column":8},"end":{"line":234,"column":68}},{"start":{"line":235,"column":8},"end":{"line":235,"column":68}}]},"28":{"loc":{"start":{"line":279,"column":4},"end":{"line":282,"column":5}},"type":"if","locations":[{"start":{"line":279,"column":4},"end":{"line":282,"column":5}},{"start":{},"end":{}}]},"29":{"loc":{"start":{"line":297,"column":27},"end":{"line":299,"column":72}},"type":"cond-expr","locations":[{"start":{"line":298,"column":8},"end":{"line":298,"column":72}},{"start":{"line":299,"column":8},"end":{"line":299,"column":72}}]},"30":{"loc":{"start":{"line":301,"column":26},"end":{"line":303,"column":72}},"type":"cond-expr","locations":[{"start":{"line":302,"column":8},"end":{"line":302,"column":72}},{"start":{"line":303,"column":8},"end":{"line":303,"column":72}}]},"31":{"loc":{"start":{"line":305,"column":27},"end":{"line":307,"column":72}},"type":"cond-expr","locations":[{"start":{"line":306,"column":8},"end":{"line":306,"column":72}},{"start":{"line":307,"column":8},"end":{"line":307,"column":72}}]},"32":{"loc":{"start":{"line":309,"column":26},"end":{"line":311,"column":72}},"type":"cond-expr","locations":[{"start":{"line":310,"column":8},"end":{"line":310,"column":72}},{"start":{"line":311,"column":8},"end":{"line":311,"column":72}}]},"33":{"loc":{"start":{"line":314,"column":30},"end":{"line":316,"column":78}},"type":"cond-expr","locations":[{"start":{"line":315,"column":8},"end":{"line":315,"column":78}},{"start":{"line":316,"column":8},"end":{"line":316,"column":78}}]},"34":{"loc":{"start":{"line":318,"column":29},"end":{"line":320,"column":78}},"type":"cond-expr","locations":[{"start":{"line":319,"column":8},"end":{"line":319,"column":78}},{"start":{"line":320,"column":8},"end":{"line":320,"column":78}}]},"35":{"loc":{"start":{"line":322,"column":30},"end":{"line":324,"column":78}},"type":"cond-expr","locations":[{"start":{"line":323,"column":8},"end":{"line":323,"column":78}},{"start":{"line":324,"column":8},"end":{"line":324,"column":78}}]},"36":{"loc":{"start":{"line":326,"column":29},"end":{"line":328,"column":78}},"type":"cond-expr","locations":[{"start":{"line":327,"column":8},"end":{"line":327,"column":78}},{"start":{"line":328,"column":8},"end":{"line":328,"column":78}}]},"37":{"loc":{"start":{"line":411,"column":4},"end":{"line":415,"column":5}},"type":"if","locations":[{"start":{"line":411,"column":4},"end":{"line":415,"column":5}},{"start":{},"end":{}}]},"38":{"loc":{"start":{"line":423,"column":6},"end":{"line":423,"column":60}},"type":"if","locations":[{"start":{"line":423,"column":6},"end":{"line":423,"column":60}},{"start":{},"end":{}}]},"39":{"loc":{"start":{"line":427,"column":6},"end":{"line":427,"column":60}},"type":"if","locations":[{"start":{"line":427,"column":6},"end":{"line":427,"column":60}},{"start":{},"end":{}}]},"40":{"loc":{"start":{"line":450,"column":4},"end":{"line":466,"column":5}},"type":"if","locations":[{"start":{"line":450,"column":4},"end":{"line":466,"column":5}},{"start":{},"end":{}}]},"41":{"loc":{"start":{"line":453,"column":6},"end":{"line":465,"column":7}},"type":"if","locations":[{"start":{"line":453,"column":6},"end":{"line":465,"column":7}},{"start":{"line":462,"column":13},"end":{"line":465,"column":7}}]},"42":{"loc":{"start":{"line":531,"column":8},"end":{"line":531,"column":62}},"type":"if","locations":[{"start":{"line":531,"column":8},"end":{"line":531,"column":62}},{"start":{},"end":{}}]},"43":{"loc":{"start":{"line":535,"column":8},"end":{"line":535,"column":62}},"type":"if","locations":[{"start":{"line":535,"column":8},"end":{"line":535,"column":62}},{"start":{},"end":{}}]},"44":{"loc":{"start":{"line":553,"column":4},"end":{"line":566,"column":5}},"type":"if","locations":[{"start":{"line":553,"column":4},"end":{"line":566,"column":5}},{"start":{},"end":{}}]},"45":{"loc":{"start":{"line":555,"column":6},"end":{"line":565,"column":7}},"type":"if","locations":[{"start":{"line":555,"column":6},"end":{"line":565,"column":7}},{"start":{"line":563,"column":13},"end":{"line":565,"column":7}}]},"46":{"loc":{"start":{"line":573,"column":4},"end":{"line":661,"column":5}},"type":"if","locations":[{"start":{"line":573,"column":4},"end":{"line":661,"column":5}},{"start":{"line":630,"column":9},"end":{"line":661,"column":5}}]},"47":{"loc":{"start":{"line":630,"column":9},"end":{"line":661,"column":5}},"type":"if","locations":[{"start":{"line":630,"column":9},"end":{"line":661,"column":5}},{"start":{},"end":{}}]},"48":{"loc":{"start":{"line":733,"column":6},"end":{"line":749,"column":7}},"type":"if","locations":[{"start":{"line":733,"column":6},"end":{"line":749,"column":7}},{"start":{},"end":{}}]},"49":{"loc":{"start":{"line":747,"column":23},"end":{"line":747,"column":53}},"type":"binary-expr","locations":[{"start":{"line":747,"column":23},"end":{"line":747,"column":40}},{"start":{"line":747,"column":44},"end":{"line":747,"column":53}}]},"50":{"loc":{"start":{"line":752,"column":6},"end":{"line":768,"column":7}},"type":"if","locations":[{"start":{"line":752,"column":6},"end":{"line":768,"column":7}},{"start":{},"end":{}}]},"51":{"loc":{"start":{"line":766,"column":23},"end":{"line":766,"column":53}},"type":"binary-expr","locations":[{"start":{"line":766,"column":23},"end":{"line":766,"column":40}},{"start":{"line":766,"column":44},"end":{"line":766,"column":53}}]},"52":{"loc":{"start":{"line":778,"column":31},"end":{"line":778,"column":52}},"type":"binary-expr","locations":[{"start":{"line":778,"column":31},"end":{"line":778,"column":47}},{"start":{"line":778,"column":51},"end":{"line":778,"column":52}}]},"53":{"loc":{"start":{"line":779,"column":32},"end":{"line":779,"column":53}},"type":"binary-expr","locations":[{"start":{"line":779,"column":32},"end":{"line":779,"column":48}},{"start":{"line":779,"column":52},"end":{"line":779,"column":53}}]},"54":{"loc":{"start":{"line":780,"column":31},"end":{"line":780,"column":52}},"type":"binary-expr","locations":[{"start":{"line":780,"column":31},"end":{"line":780,"column":47}},{"start":{"line":780,"column":51},"end":{"line":780,"column":52}}]},"55":{"loc":{"start":{"line":781,"column":32},"end":{"line":781,"column":53}},"type":"binary-expr","locations":[{"start":{"line":781,"column":32},"end":{"line":781,"column":48}},{"start":{"line":781,"column":52},"end":{"line":781,"column":53}}]},"56":{"loc":{"start":{"line":785,"column":9},"end":{"line":785,"column":29}},"type":"binary-expr","locations":[{"start":{"line":785,"column":9},"end":{"line":785,"column":24}},{"start":{"line":785,"column":28},"end":{"line":785,"column":29}}]},"57":{"loc":{"start":{"line":785,"column":34},"end":{"line":785,"column":54}},"type":"binary-expr","locations":[{"start":{"line":785,"column":34},"end":{"line":785,"column":49}},{"start":{"line":785,"column":53},"end":{"line":785,"column":54}}]},"58":{"loc":{"start":{"line":785,"column":59},"end":{"line":785,"column":79}},"type":"binary-expr","locations":[{"start":{"line":785,"column":59},"end":{"line":785,"column":74}},{"start":{"line":785,"column":78},"end":{"line":785,"column":79}}]},"59":{"loc":{"start":{"line":787,"column":9},"end":{"line":787,"column":29}},"type":"binary-expr","locations":[{"start":{"line":787,"column":9},"end":{"line":787,"column":24}},{"start":{"line":787,"column":28},"end":{"line":787,"column":29}}]},"60":{"loc":{"start":{"line":787,"column":34},"end":{"line":787,"column":54}},"type":"binary-expr","locations":[{"start":{"line":787,"column":34},"end":{"line":787,"column":49}},{"start":{"line":787,"column":53},"end":{"line":787,"column":54}}]},"61":{"loc":{"start":{"line":787,"column":59},"end":{"line":787,"column":79}},"type":"binary-expr","locations":[{"start":{"line":787,"column":59},"end":{"line":787,"column":74}},{"start":{"line":787,"column":78},"end":{"line":787,"column":79}}]},"62":{"loc":{"start":{"line":795,"column":6},"end":{"line":803,"column":7}},"type":"if","locations":[{"start":{"line":795,"column":6},"end":{"line":803,"column":7}},{"start":{"line":799,"column":13},"end":{"line":803,"column":7}}]},"63":{"loc":{"start":{"line":799,"column":13},"end":{"line":803,"column":7}},"type":"if","locations":[{"start":{"line":799,"column":13},"end":{"line":803,"column":7}},{"start":{},"end":{}}]}},"s":{"0":0,"1":0,"2":0,"3":0,"4":0,"5":0,"6":0,"7":0,"8":0,"9":0,"10":0,"11":0,"12":0,"13":0,"14":0,"15":0,"16":0,"17":0,"18":0,"19":0,"20":0,"21":0,"22":0,"23":0,"24":0,"25":0,"26":0,"27":0,"28":0,"29":0,"30":0,"31":0,"32":0,"33":0,"34":0,"35":0,"36":0,"37":0,"38":0,"39":0,"40":0,"41":0,"42":0,"43":0,"44":0,"45":0,"46":0,"47":0,"48":0,"49":0,"50":0,"51":0,"52":0,"53":0,"54":0,"55":0,"56":0,"57":0,"58":0,"59":0,"60":0,"61":0,"62":0,"63":0,"64":0,"65":0,"66":0,"67":0,"68":0,"69":0,"70":0,"71":0,"72":0,"73":0,"74":0,"75":0,"76":0,"77":0,"78":0,"79":0,"80":0,"81":0,"82":0,"83":0,"84":0,"85":0,"86":0,"87":0,"88":0,"89":0,"90":0,"91":0,"92":0,"93":0,"94":0,"95":0,"96":0,"97":0,"98":0,"99":0,"100":0,"101":0,"102":0,"103":0,"104":0,"105":0,"106":0,"107":0,"108":0,"109":0,"110":0,"111":0,"112":0,"113":0,"114":0,"115":0,"116":0,"117":0,"118":0,"119":0,"120":0,"121":0,"122":0,"123":0,"124":0,"125":0,"126":0,"127":0,"128":0,"129":0,"130":0,"131":0,"132":0,"133":0,"134":0,"135":0,"136":0,"137":0,"138":0,"139":0,"140":0,"141":0,"142":0,"143":0,"144":0,"145":0,"146":0,"147":0,"148":0,"149":0,"150":0,"151":0,"152":0,"153":0,"154":0,"155":0,"156":0,"157":0,"158":0,"159":0,"160":0,"161":0,"162":0,"163":0,"164":0,"165":0,"166":0,"167":0,"168":0,"169":0,"170":0,"171":0,"172":0,"173":0,"174":0,"175":0,"176":0,"177":0,"178":0,"179":0,"180":0,"181":0,"182":0,"183":0,"184":0,"185":0,"186":0,"187":0,"188":0,"189":0,"190":0,"191":0,"192":0,"193":0,"194":0,"195":0,"196":0,"197":0,"198":0,"199":0,"200":0,"201":0,"202":0,"203":0,"204":0,"205":0,"206":0,"207":0,"208":0,"209":0,"210":0,"211":0,"212":0,"213":0,"214":0,"215":0,"216":0,"217":0,"218":0,"219":0,"220":0,"221":0,"222":0},"f":{"0":0,"1":0,"2":0,"3":0,"4":0,"5":0,"6":0,"7":0,"8":0,"9":0,"10":0,"11":0,"12":0,"13":0,"14":0,"15":0,"16":0,"17":0,"18":0,"19":0,"20":0,"21":0,"22":0,"23":0,"24":0,"25":0,"26":0,"27":0,"28":0,"29":0,"30":0,"31":0,"32":0,"33":0},"b":{"0":[0,0],"1":[0,0],"2":[0,0],"3":[0,0],"4":[0,0],"5":[0,0,0],"6":[0,0],"7":[0,0],"8":[0,0],"9":[0,0],"10":[0,0],"11":[0,0],"12":[0,0],"13":[0,0],"14":[0,0],"15":[0,0],"16":[0,0],"17":[0,0],"18":[0,0,0],"19":[0,0],"20":[0,0],"21":[0,0],"22":[0,0],"23":[0,0],"24":[0,0],"25":[0,0],"26":[0,0],"27":[0,0],"28":[0,0],"29":[0,0],"30":[0,0],"31":[0,0],"32":[0,0],"33":[0,0],"34":[0,0],"35":[0,0],"36":[0,0],"37":[0,0],"38":[0,0],"39":[0,0],"40":[0,0],"41":[0,0],"42":[0,0],"43":[0,0],"44":[0,0],"45":[0,0],"46":[0,0],"47":[0,0],"48":[0,0],"49":[0,0],"50":[0,0],"51":[0,0],"52":[0,0],"53":[0,0],"54":[0,0],"55":[0,0],"56":[0,0],"57":[0,0],"58":[0,0],"59":[0,0],"60":[0,0],"61":[0,0],"62":[0,0],"63":[0,0]}}
,"C:\\Users\\Tiago\\Documents\\VIBECODE\\PadelTournamentApp\\backend\\src\\services\\TournamentSchedulerService.ts": {"path":"C:\\Users\\Tiago\\Documents\\VIBECODE\\PadelTournamentApp\\backend\\src\\services\\TournamentSchedulerService.ts","statementMap":{"0":{"start":{"line":31,"column":22},"end":{"line":31,"column":34}},"1":{"start":{"line":34,"column":4},"end":{"line":51,"column":5}},"2":{"start":{"line":36,"column":6},"end":{"line":36,"column":72}},"3":{"start":{"line":37,"column":11},"end":{"line":51,"column":5}},"4":{"start":{"line":39,"column":6},"end":{"line":39,"column":72}},"5":{"start":{"line":40,"column":11},"end":{"line":51,"column":5}},"6":{"start":{"line":42,"column":6},"end":{"line":42,"column":72}},"7":{"start":{"line":45,"column":9},"end":{"line":51,"column":5}},"8":{"start":{"line":47,"column":6},"end":{"line":47,"column":74}},"9":{"start":{"line":48,"column":11},"end":{"line":51,"column":5}},"10":{"start":{"line":50,"column":6},"end":{"line":50,"column":74}},"11":{"start":{"line":53,"column":4},"end":{"line":53,"column":60}},"12":{"start":{"line":64,"column":33},"end":{"line":64,"column":35}},"13":{"start":{"line":65,"column":22},"end":{"line":65,"column":23}},"14":{"start":{"line":68,"column":4},"end":{"line":171,"column":5}},"15":{"start":{"line":69,"column":23},"end":{"line":76,"column":8}},"16":{"start":{"line":78,"column":6},"end":{"line":94,"column":7}},"17":{"start":{"line":79,"column":22},"end":{"line":79,"column":39}},"18":{"start":{"line":80,"column":22},"end":{"line":80,"column":39}},"19":{"start":{"line":82,"column":8},"end":{"line":93,"column":11}},"20":{"start":{"line":97,"column":9},"end":{"line":171,"column":5}},"21":{"start":{"line":98,"column":23},"end":{"line":108,"column":8}},"22":{"start":{"line":110,"column":6},"end":{"line":126,"column":7}},"23":{"start":{"line":111,"column":22},"end":{"line":111,"column":39}},"24":{"start":{"line":112,"column":22},"end":{"line":112,"column":39}},"25":{"start":{"line":114,"column":8},"end":{"line":125,"column":11}},"26":{"start":{"line":130,"column":9},"end":{"line":171,"column":5}},"27":{"start":{"line":131,"column":23},"end":{"line":152,"column":8}},"28":{"start":{"line":154,"column":6},"end":{"line":170,"column":7}},"29":{"start":{"line":155,"column":22},"end":{"line":155,"column":39}},"30":{"start":{"line":156,"column":22},"end":{"line":156,"column":39}},"31":{"start":{"line":158,"column":8},"end":{"line":169,"column":11}},"32":{"start":{"line":173,"column":4},"end":{"line":173,"column":19}},"33":{"start":{"line":185,"column":33},"end":{"line":185,"column":35}},"34":{"start":{"line":186,"column":22},"end":{"line":186,"column":23}},"35":{"start":{"line":189,"column":4},"end":{"line":207,"column":5}},"36":{"start":{"line":189,"column":26},"end":{"line":189,"column":27}},"37":{"start":{"line":190,"column":26},"end":{"line":190,"column":40}},"38":{"start":{"line":191,"column":25},"end":{"line":191,"column":51}},"39":{"start":{"line":192,"column":25},"end":{"line":192,"column":76}},"40":{"start":{"line":195,"column":27},"end":{"line":198,"column":null}},"41":{"start":{"line":202,"column":6},"end":{"line":204,"column":7}},"42":{"start":{"line":203,"column":8},"end":{"line":203,"column":42}},"43":{"start":{"line":206,"column":6},"end":{"line":206,"column":36}},"44":{"start":{"line":209,"column":4},"end":{"line":209,"column":19}},"45":{"start":{"line":220,"column":22},"end":{"line":220,"column":34}},"46":{"start":{"line":222,"column":4},"end":{"line":228,"column":5}},"47":{"start":{"line":224,"column":6},"end":{"line":224,"column":65}},"48":{"start":{"line":225,"column":11},"end":{"line":228,"column":5}},"49":{"start":{"line":227,"column":6},"end":{"line":227,"column":72}},"50":{"start":{"line":230,"column":4},"end":{"line":230,"column":73}},"51":{"start":{"line":240,"column":33},"end":{"line":240,"column":35}},"52":{"start":{"line":243,"column":4},"end":{"line":252,"column":7}},"53":{"start":{"line":254,"column":4},"end":{"line":263,"column":7}},"54":{"start":{"line":268,"column":4},"end":{"line":268,"column":19}},"55":{"start":{"line":279,"column":33},"end":{"line":279,"column":35}},"56":{"start":{"line":280,"column":22},"end":{"line":280,"column":23}},"57":{"start":{"line":284,"column":4},"end":{"line":297,"column":5}},"58":{"start":{"line":284,"column":17},"end":{"line":284,"column":18}},"59":{"start":{"line":285,"column":6},"end":{"line":296,"column":7}},"60":{"start":{"line":286,"column":8},"end":{"line":295,"column":11}},"61":{"start":{"line":299,"column":4},"end":{"line":299,"column":19}},"62":{"start":{"line":313,"column":33},"end":{"line":313,"column":35}},"63":{"start":{"line":316,"column":4},"end":{"line":325,"column":7}},"64":{"start":{"line":328,"column":4},"end":{"line":337,"column":7}},"65":{"start":{"line":339,"column":4},"end":{"line":339,"column":19}},"66":{"start":{"line":353,"column":4},"end":{"line":353,"column":63}},"67":{"start":{"line":368,"column":33},"end":{"line":368,"column":35}},"68":{"start":{"line":371,"column":4},"end":{"line":380,"column":7}},"69":{"start":{"line":383,"column":4},"end":{"line":392,"column":7}},"70":{"start":{"line":394,"column":4},"end":{"line":394,"column":19}},"71":{"start":{"line":21,"column":0},"end":{"line":21,"column":13}},"72":{"start":{"line":398,"column":13},"end":{"line":398,"column":68}}},"fnMap":{"0":{"name":"(anonymous_0)","decl":{"start":{"line":27,"column":2},"end":{"line":27,"column":27}},"loc":{"start":{"line":29,"column":17},"end":{"line":54,"column":3}}},"1":{"name":"(anonymous_1)","decl":{"start":{"line":59,"column":10},"end":{"line":59,"column":39}},"loc":{"start":{"line":62,"column":23},"end":{"line":174,"column":3}}},"2":{"name":"(anonymous_2)","decl":{"start":{"line":179,"column":10},"end":{"line":179,"column":38}},"loc":{"start":{"line":183,"column":25},"end":{"line":210,"column":3}}},"3":{"name":"(anonymous_3)","decl":{"start":{"line":216,"column":2},"end":{"line":216,"column":25}},"loc":{"start":{"line":218,"column":17},"end":{"line":231,"column":3}}},"4":{"name":"(anonymous_4)","decl":{"start":{"line":236,"column":10},"end":{"line":236,"column":35}},"loc":{"start":{"line":238,"column":17},"end":{"line":269,"column":3}}},"5":{"name":"(anonymous_5)","decl":{"start":{"line":275,"column":10},"end":{"line":275,"column":42}},"loc":{"start":{"line":277,"column":17},"end":{"line":300,"column":3}}},"6":{"name":"(anonymous_6)","decl":{"start":{"line":306,"column":2},"end":{"line":306,"column":24}},"loc":{"start":{"line":311,"column":25},"end":{"line":340,"column":3}}},"7":{"name":"(anonymous_7)","decl":{"start":{"line":348,"column":2},"end":{"line":348,"column":27}},"loc":{"start":{"line":350,"column":17},"end":{"line":354,"column":3}}},"8":{"name":"(anonymous_8)","decl":{"start":{"line":361,"column":2},"end":{"line":361,"column":24}},"loc":{"start":{"line":366,"column":17},"end":{"line":395,"column":3}}}},"branchMap":{"0":{"loc":{"start":{"line":34,"column":4},"end":{"line":51,"column":5}},"type":"if","locations":[{"start":{"line":34,"column":4},"end":{"line":51,"column":5}},{"start":{"line":37,"column":11},"end":{"line":51,"column":5}}]},"1":{"loc":{"start":{"line":37,"column":11},"end":{"line":51,"column":5}},"type":"if","locations":[{"start":{"line":37,"column":11},"end":{"line":51,"column":5}},{"start":{"line":40,"column":11},"end":{"line":51,"column":5}}]},"2":{"loc":{"start":{"line":40,"column":11},"end":{"line":51,"column":5}},"type":"if","locations":[{"start":{"line":40,"column":11},"end":{"line":51,"column":5}},{"start":{"line":45,"column":9},"end":{"line":51,"column":5}}]},"3":{"loc":{"start":{"line":45,"column":9},"end":{"line":51,"column":5}},"type":"if","locations":[{"start":{"line":45,"column":9},"end":{"line":51,"column":5}},{"start":{"line":48,"column":11},"end":{"line":51,"column":5}}]},"4":{"loc":{"start":{"line":48,"column":11},"end":{"line":51,"column":5}},"type":"if","locations":[{"start":{"line":48,"column":11},"end":{"line":51,"column":5}},{"start":{},"end":{}}]},"5":{"loc":{"start":{"line":68,"column":4},"end":{"line":171,"column":5}},"type":"if","locations":[{"start":{"line":68,"column":4},"end":{"line":171,"column":5}},{"start":{"line":97,"column":9},"end":{"line":171,"column":5}}]},"6":{"loc":{"start":{"line":97,"column":9},"end":{"line":171,"column":5}},"type":"if","locations":[{"start":{"line":97,"column":9},"end":{"line":171,"column":5}},{"start":{"line":130,"column":9},"end":{"line":171,"column":5}}]},"7":{"loc":{"start":{"line":130,"column":9},"end":{"line":171,"column":5}},"type":"if","locations":[{"start":{"line":130,"column":9},"end":{"line":171,"column":5}},{"start":{},"end":{}}]},"8":{"loc":{"start":{"line":222,"column":4},"end":{"line":228,"column":5}},"type":"if","locations":[{"start":{"line":222,"column":4},"end":{"line":228,"column":5}},{"start":{"line":225,"column":11},"end":{"line":228,"column":5}}]},"9":{"loc":{"start":{"line":225,"column":11},"end":{"line":228,"column":5}},"type":"if","locations":[{"start":{"line":225,"column":11},"end":{"line":228,"column":5}},{"start":{},"end":{}}]},"10":{"loc":{"start":{"line":225,"column":15},"end":{"line":225,"column":69}},"type":"binary-expr","locations":[{"start":{"line":225,"column":15},"end":{"line":225,"column":30}},{"start":{"line":225,"column":34},"end":{"line":225,"column":49}},{"start":{"line":225,"column":53},"end":{"line":225,"column":69}}]},"11":{"loc":{"start":{"line":285,"column":6},"end":{"line":296,"column":7}},"type":"if","locations":[{"start":{"line":285,"column":6},"end":{"line":296,"column":7}},{"start":{},"end":{}}]}},"s":{"0":31,"1":31,"2":5,"3":26,"4":10,"5":16,"6":4,"7":12,"8":6,"9":6,"10":3,"11":3,"12":40,"13":40,"14":40,"15":5,"16":5,"17":15,"18":15,"19":15,"20":35,"21":31,"22":31,"23":186,"24":186,"25":186,"26":4,"27":4,"28":4,"29":60,"30":60,"31":60,"32":40,"33":9,"34":9,"35":9,"36":9,"37":21,"38":21,"39":21,"40":21,"41":21,"42":126,"43":21,"44":9,"45":10,"46":10,"47":4,"48":6,"49":4,"50":2,"51":4,"52":4,"53":4,"54":4,"55":4,"56":4,"57":4,"58":4,"59":16,"60":16,"61":4,"62":3,"63":3,"64":3,"65":3,"66":2,"67":3,"68":3,"69":3,"70":3,"71":1,"72":1},"f":{"0":31,"1":40,"2":9,"3":10,"4":4,"5":4,"6":3,"7":2,"8":3},"b":{"0":[5,26],"1":[10,16],"2":[4,12],"3":[6,6],"4":[3,3],"5":[5,35],"6":[31,4],"7":[4,0],"8":[4,6],"9":[4,2],"10":[6,4,3],"11":[16,0]}}
}
