TN:
SF:src\services\MatchResultService.ts
FN:18,(anonymous_0)
FN:77,(anonymous_1)
FN:92,(anonymous_2)
FNF:3
FNH:0
FNDA:0,(anonymous_0)
FNDA:0,(anonymous_1)
FNDA:0,(anonymous_2)
DA:3,0
DA:4,0
DA:6,0
DA:13,0
DA:23,0
DA:26,0
DA:31,0
DA:32,0
DA:35,0
DA:38,0
DA:39,0
DA:40,0
DA:41,0
DA:42,0
DA:43,0
DA:47,0
DA:50,0
DA:64,0
DA:65,0
DA:66,0
DA:67,0
DA:68,0
DA:71,0
DA:79,0
DA:80,0
DA:84,0
DA:85,0
DA:99,0
DA:103,0
DA:105,0
DA:106,0
DA:122,0
DA:125,0
DA:126,0
DA:127,0
DA:128,0
DA:129,0
DA:132,0
DA:148,0
LF:39
LH:0
BRDA:31,0,0,0
BRDA:31,0,1,0
BRDA:38,1,0,0
BRDA:38,1,1,0
BRDA:38,2,0,0
BRDA:38,2,1,0
BRDA:38,2,2,0
BRDA:38,2,3,0
BRDA:47,3,0,0
BRDA:47,3,1,0
BRDA:55,4,0,0
BRDA:55,4,1,0
BRDA:56,5,0,0
BRDA:56,5,1,0
BRDA:79,6,0,0
BRDA:79,6,1,0
BRDA:79,7,0,0
BRDA:79,7,1,0
BRDA:84,8,0,0
BRDA:84,8,1,0
BRDA:97,9,0,0
BRDA:103,10,0,0
BRDA:103,10,1,0
BRDA:105,11,0,0
BRDA:105,11,1,0
BRDA:110,12,0,0
BRDA:110,12,1,0
BRDA:111,13,0,0
BRDA:111,13,1,0
BRDA:112,14,0,0
BRDA:112,14,1,0
BRDA:113,15,0,0
BRDA:113,15,1,0
BRDA:118,16,0,0
BRDA:118,16,1,0
BRDA:125,17,0,0
BRDA:125,17,1,0
BRDA:127,18,0,0
BRDA:127,18,1,0
BRDA:128,19,0,0
BRDA:128,19,1,0
BRDA:129,20,0,0
BRDA:129,20,1,0
BRDA:138,21,0,0
BRDA:138,21,1,0
BRDA:139,22,0,0
BRDA:139,22,1,0
BRF:47
BRH:0
end_of_record
TN:
SF:src\services\TournamentProgressService.ts
FN:28,(anonymous_0)
FN:38,(anonymous_1)
FN:42,(anonymous_2)
FN:62,(anonymous_3)
FN:65,(anonymous_4)
FN:68,(anonymous_5)
FN:71,(anonymous_6)
FN:90,(anonymous_7)
FN:93,(anonymous_8)
FN:94,(anonymous_9)
FN:97,(anonymous_10)
FN:102,(anonymous_11)
FN:112,(anonymous_12)
FN:132,(anonymous_13)
FN:155,(anonymous_14)
FN:168,(anonymous_15)
FN:213,(anonymous_16)
FN:248,(anonymous_17)
FN:271,(anonymous_18)
FN:285,(anonymous_19)
FN:286,(anonymous_20)
FN:383,(anonymous_21)
FN:399,(anonymous_22)
FN:408,(anonymous_23)
FN:408,(anonymous_24)
FN:422,(anonymous_25)
FN:451,(anonymous_26)
FN:479,(anonymous_27)
FN:507,(anonymous_28)
FN:530,(anonymous_29)
FN:554,(anonymous_30)
FN:681,(anonymous_31)
FN:705,(anonymous_32)
FN:723,(anonymous_33)
FNF:34
FNH:0
FNDA:0,(anonymous_0)
FNDA:0,(anonymous_1)
FNDA:0,(anonymous_2)
FNDA:0,(anonymous_3)
FNDA:0,(anonymous_4)
FNDA:0,(anonymous_5)
FNDA:0,(anonymous_6)
FNDA:0,(anonymous_7)
FNDA:0,(anonymous_8)
FNDA:0,(anonymous_9)
FNDA:0,(anonymous_10)
FNDA:0,(anonymous_11)
FNDA:0,(anonymous_12)
FNDA:0,(anonymous_13)
FNDA:0,(anonymous_14)
FNDA:0,(anonymous_15)
FNDA:0,(anonymous_16)
FNDA:0,(anonymous_17)
FNDA:0,(anonymous_18)
FNDA:0,(anonymous_19)
FNDA:0,(anonymous_20)
FNDA:0,(anonymous_21)
FNDA:0,(anonymous_22)
FNDA:0,(anonymous_23)
FNDA:0,(anonymous_24)
FNDA:0,(anonymous_25)
FNDA:0,(anonymous_26)
FNDA:0,(anonymous_27)
FNDA:0,(anonymous_28)
FNDA:0,(anonymous_29)
FNDA:0,(anonymous_30)
FNDA:0,(anonymous_31)
FNDA:0,(anonymous_32)
FNDA:0,(anonymous_33)
DA:3,0
DA:4,0
DA:6,0
DA:24,0
DA:29,0
DA:34,0
DA:37,0
DA:38,0
DA:41,0
DA:42,0
DA:45,0
DA:48,0
DA:50,0
DA:58,0
DA:59,0
DA:61,0
DA:62,0
DA:64,0
DA:65,0
DA:68,0
DA:70,0
DA:71,0
DA:73,0
DA:81,0
DA:83,0
DA:84,0
DA:86,0
DA:87,0
DA:89,0
DA:90,0
DA:93,0
DA:94,0
DA:96,0
DA:97,0
DA:98,0
DA:101,0
DA:102,0
DA:104,0
DA:106,0
DA:107,0
DA:108,0
DA:109,0
DA:112,0
DA:113,0
DA:115,0
DA:122,0
DA:124,0
DA:125,0
DA:127,0
DA:131,0
DA:132,0
DA:133,0
DA:134,0
DA:141,0
DA:143,0
DA:144,0
DA:145,0
DA:146,0
DA:157,0
DA:162,0
DA:168,0
DA:169,0
DA:173,0
DA:174,0
DA:175,0
DA:176,0
DA:178,0
DA:183,0
DA:184,0
DA:186,0
DA:218,0
DA:219,0
DA:221,0
DA:225,0
DA:229,0
DA:233,0
DA:238,0
DA:247,0
DA:248,0
DA:275,0
DA:276,0
DA:279,0
DA:280,0
DA:281,0
DA:285,0
DA:286,0
DA:289,0
DA:290,0
DA:293,0
DA:294,0
DA:297,0
DA:301,0
DA:305,0
DA:309,0
DA:314,0
DA:318,0
DA:322,0
DA:326,0
DA:331,0
DA:382,0
DA:383,0
DA:384,0
DA:388,0
DA:392,0
DA:401,0
DA:408,0
DA:409,0
DA:411,0
DA:413,0
DA:414,0
DA:419,0
DA:422,0
DA:423,0
DA:425,0
DA:426,0
DA:427,0
DA:429,0
DA:430,0
DA:431,0
DA:435,0
DA:436,0
DA:437,0
DA:438,0
DA:441,0
DA:450,0
DA:451,0
DA:453,0
DA:455,0
DA:464,0
DA:469,0
DA:478,0
DA:479,0
DA:493,0
DA:509,0
DA:511,0
DA:512,0
DA:527,0
DA:530,0
DA:531,0
DA:533,0
DA:534,0
DA:535,0
DA:537,0
DA:538,0
DA:539,0
DA:542,0
DA:546,0
DA:553,0
DA:554,0
DA:555,0
DA:556,0
DA:564,0
DA:569,0
DA:570,0
DA:573,0
DA:574,0
DA:575,0
DA:578,0
DA:590,0
DA:603,0
DA:615,0
DA:630,0
DA:633,0
DA:634,0
DA:635,0
DA:638,0
DA:650,0
DA:664,0
DA:669,0
DA:685,0
DA:699,0
DA:709,0
DA:717,0
DA:726,0
DA:728,0
DA:729,0
DA:730,0
DA:733,0
DA:734,0
DA:752,0
DA:753,0
DA:770,0
DA:771,0
DA:774,0
DA:775,0
DA:778,0
DA:779,0
DA:780,0
DA:781,0
DA:785,0
DA:787,0
DA:789,0
DA:790,0
DA:791,0
DA:792,0
DA:795,0
DA:796,0
DA:797,0
DA:798,0
DA:799,0
DA:800,0
DA:801,0
DA:802,0
DA:806,0
DA:810,0
LF:205
LH:0
BRDA:34,0,0,0
BRDA:34,0,1,0
BRDA:45,1,0,0
BRDA:45,1,1,0
BRDA:48,2,0,0
BRDA:48,2,1,0
BRDA:59,3,0,0
BRDA:59,3,1,0
BRDA:68,4,0,0
BRDA:68,4,1,0
BRDA:68,5,0,0
BRDA:68,5,1,0
BRDA:68,5,2,0
BRDA:71,6,0,0
BRDA:71,6,1,0
BRDA:71,7,0,0
BRDA:71,7,1,0
BRDA:83,8,0,0
BRDA:83,8,1,0
BRDA:84,9,0,0
BRDA:84,9,1,0
BRDA:87,10,0,0
BRDA:87,10,1,0
BRDA:101,11,0,0
BRDA:101,11,1,0
BRDA:104,12,0,0
BRDA:104,12,1,0
BRDA:106,13,0,0
BRDA:106,13,1,0
BRDA:112,14,0,0
BRDA:112,14,1,0
BRDA:131,15,0,0
BRDA:131,15,1,0
BRDA:131,16,0,0
BRDA:131,16,1,0
BRDA:145,17,0,0
BRDA:145,17,1,0
BRDA:169,18,0,0
BRDA:169,18,1,0
BRDA:169,18,2,0
BRDA:174,19,0,0
BRDA:174,19,1,0
BRDA:174,20,0,0
BRDA:174,20,1,0
BRDA:175,21,0,0
BRDA:175,21,1,0
BRDA:190,22,0,0
BRDA:190,22,1,0
BRDA:202,23,0,0
BRDA:202,23,1,0
BRDA:221,24,0,0
BRDA:221,24,1,0
BRDA:225,25,0,0
BRDA:225,25,1,0
BRDA:229,26,0,0
BRDA:229,26,1,0
BRDA:233,27,0,0
BRDA:233,27,1,0
BRDA:279,28,0,0
BRDA:279,28,1,0
BRDA:297,29,0,0
BRDA:297,29,1,0
BRDA:301,30,0,0
BRDA:301,30,1,0
BRDA:305,31,0,0
BRDA:305,31,1,0
BRDA:309,32,0,0
BRDA:309,32,1,0
BRDA:314,33,0,0
BRDA:314,33,1,0
BRDA:318,34,0,0
BRDA:318,34,1,0
BRDA:322,35,0,0
BRDA:322,35,1,0
BRDA:326,36,0,0
BRDA:326,36,1,0
BRDA:411,37,0,0
BRDA:411,37,1,0
BRDA:423,38,0,0
BRDA:423,38,1,0
BRDA:427,39,0,0
BRDA:427,39,1,0
BRDA:450,40,0,0
BRDA:450,40,1,0
BRDA:453,41,0,0
BRDA:453,41,1,0
BRDA:531,42,0,0
BRDA:531,42,1,0
BRDA:535,43,0,0
BRDA:535,43,1,0
BRDA:553,44,0,0
BRDA:553,44,1,0
BRDA:555,45,0,0
BRDA:555,45,1,0
BRDA:573,46,0,0
BRDA:573,46,1,0
BRDA:630,47,0,0
BRDA:630,47,1,0
BRDA:733,48,0,0
BRDA:733,48,1,0
BRDA:747,49,0,0
BRDA:747,49,1,0
BRDA:752,50,0,0
BRDA:752,50,1,0
BRDA:766,51,0,0
BRDA:766,51,1,0
BRDA:778,52,0,0
BRDA:778,52,1,0
BRDA:779,53,0,0
BRDA:779,53,1,0
BRDA:780,54,0,0
BRDA:780,54,1,0
BRDA:781,55,0,0
BRDA:781,55,1,0
BRDA:785,56,0,0
BRDA:785,56,1,0
BRDA:785,57,0,0
BRDA:785,57,1,0
BRDA:785,58,0,0
BRDA:785,58,1,0
BRDA:787,59,0,0
BRDA:787,59,1,0
BRDA:787,60,0,0
BRDA:787,60,1,0
BRDA:787,61,0,0
BRDA:787,61,1,0
BRDA:795,62,0,0
BRDA:795,62,1,0
BRDA:799,63,0,0
BRDA:799,63,1,0
BRF:130
BRH:0
end_of_record
TN:
SF:src\services\TournamentSchedulerService.ts
FN:27,(anonymous_0)
FN:59,(anonymous_1)
FN:179,(anonymous_2)
FN:216,(anonymous_3)
FN:236,(anonymous_4)
FN:275,(anonymous_5)
FN:306,(anonymous_6)
FN:348,(anonymous_7)
FN:361,(anonymous_8)
FNF:9
FNH:9
FNDA:31,(anonymous_0)
FNDA:40,(anonymous_1)
FNDA:9,(anonymous_2)
FNDA:10,(anonymous_3)
FNDA:4,(anonymous_4)
FNDA:4,(anonymous_5)
FNDA:3,(anonymous_6)
FNDA:2,(anonymous_7)
FNDA:3,(anonymous_8)
DA:21,1
DA:31,31
DA:34,31
DA:36,5
DA:37,26
DA:39,10
DA:40,16
DA:42,4
DA:45,12
DA:47,6
DA:48,6
DA:50,3
DA:53,3
DA:64,40
DA:65,40
DA:68,40
DA:69,5
DA:78,5
DA:79,15
DA:80,15
DA:82,15
DA:97,35
DA:98,31
DA:110,31
DA:111,186
DA:112,186
DA:114,186
DA:130,4
DA:131,4
DA:154,4
DA:155,60
DA:156,60
DA:158,60
DA:173,40
DA:185,9
DA:186,9
DA:189,9
DA:190,21
DA:191,21
DA:192,21
DA:195,21
DA:202,21
DA:203,126
DA:206,21
DA:209,9
DA:220,10
DA:222,10
DA:224,4
DA:225,6
DA:227,4
DA:230,2
DA:240,4
DA:243,4
DA:254,4
DA:268,4
DA:279,4
DA:280,4
DA:284,4
DA:285,16
DA:286,16
DA:299,4
DA:313,3
DA:316,3
DA:328,3
DA:339,3
DA:353,2
DA:368,3
DA:371,3
DA:383,3
DA:394,3
DA:398,1
LF:71
LH:71
BRDA:34,0,0,5
BRDA:34,0,1,26
BRDA:37,1,0,10
BRDA:37,1,1,16
BRDA:40,2,0,4
BRDA:40,2,1,12
BRDA:45,3,0,6
BRDA:45,3,1,6
BRDA:48,4,0,3
BRDA:48,4,1,3
BRDA:68,5,0,5
BRDA:68,5,1,35
BRDA:97,6,0,31
BRDA:97,6,1,4
BRDA:130,7,0,4
BRDA:130,7,1,0
BRDA:222,8,0,4
BRDA:222,8,1,6
BRDA:225,9,0,4
BRDA:225,9,1,2
BRDA:225,10,0,6
BRDA:225,10,1,4
BRDA:225,10,2,3
BRDA:285,11,0,16
BRDA:285,11,1,0
BRF:25
BRH:23
end_of_record
